09:51:33,775  INFO main support.DefaultTestContextBootstrapper:256 - Loaded default TestExecutionListener class names from location [META-INF/spring.factories]: [org.springframework.test.context.web.ServletTestExecutionListener, org.springframework.test.context.support.DependencyInjectionTestExecutionListener, org.springframework.test.context.support.DirtiesContextTestExecutionListener, org.springframework.test.context.transaction.TransactionalTestExecutionListener, org.springframework.test.context.jdbc.SqlScriptsTestExecutionListener]
09:51:33,793  INFO main support.DefaultTestContextBootstrapper:182 - Using TestExecutionListeners: [org.springframework.test.context.web.ServletTestExecutionListener@6516d55f, org.springframework.test.context.support.DependencyInjectionTestExecutionListener@3e1283d2, org.springframework.test.context.support.DirtiesContextTestExecutionListener@318c6fd4, org.springframework.test.context.transaction.TransactionalTestExecutionListener@7b01e0b5, org.springframework.test.context.jdbc.SqlScriptsTestExecutionListener@3847ca2a]
09:51:33,897  INFO main xml.XmlBeanDefinitionReader:317 - Loading XML bean definitions from class path resource [applicationContext.xml]
09:51:34,089  INFO main xml.XmlBeanDefinitionReader:317 - Loading XML bean definitions from class path resource [shiro.xml]
09:51:34,169  INFO main xml.XmlBeanDefinitionReader:317 - Loading XML bean definitions from class path resource [persistence-context.xml]
09:51:34,225  INFO main support.GenericApplicationContext:510 - Refreshing org.springframework.context.support.GenericApplicationContext@68d31619: startup date [Sat Jul 18 09:51:34 CST 2015]; root of context hierarchy
09:51:34,336  INFO main support.PropertySourcesPlaceholderConfigurer:172 - Loading properties file from class path resource [jdbc.properties]
09:51:34,414  INFO main annotation.AutowiredAnnotationBeanPostProcessor:153 - JSR-330 'javax.inject.Inject' annotation found and supported for autowiring
09:51:34,506  INFO main support.PostProcessorRegistrationDelegate$BeanPostProcessorChecker:309 - Bean 'myRealm' of type [class com.eagle.dangdang.security.MyRealm] is not eligible for getting processed by all BeanPostProcessors (for example: not eligible for auto-proxying)
09:51:34,515  INFO main support.PostProcessorRegistrationDelegate$BeanPostProcessorChecker:309 - Bean 'org.springframework.transaction.annotation.AnnotationTransactionAttributeSource#0' of type [class org.springframework.transaction.annotation.AnnotationTransactionAttributeSource] is not eligible for getting processed by all BeanPostProcessors (for example: not eligible for auto-proxying)
09:51:34,517  INFO main support.PostProcessorRegistrationDelegate$BeanPostProcessorChecker:309 - Bean 'org.springframework.transaction.config.internalTransactionAdvisor' of type [class org.springframework.transaction.interceptor.BeanFactoryTransactionAttributeSourceAdvisor] is not eligible for getting processed by all BeanPostProcessors (for example: not eligible for auto-proxying)
09:51:34,522  INFO main support.PostProcessorRegistrationDelegate$BeanPostProcessorChecker:309 - Bean 'securityManager' of type [class org.apache.shiro.web.mgt.DefaultWebSecurityManager] is not eligible for getting processed by all BeanPostProcessors (for example: not eligible for auto-proxying)
09:51:34,585  INFO main log.MLog:92 - MLog clients using log4j logging.
09:51:34,765  INFO main c3p0.C3P0Registry:216 - Initializing c3p0-0.9.2.1 [built 20-March-2013 10:47:27 +0000; debug? true; trace: 10]
09:51:34,921  INFO main common.Version:66 - HCANN000001: Hibernate Commons Annotations {4.0.5.Final}
09:51:34,927  INFO main hibernate.Version:54 - HHH000412: Hibernate Core {4.3.10.Final}
09:51:34,929  INFO main cfg.Environment:239 - HHH000206: hibernate.properties not found
09:51:34,931  INFO main cfg.Environment:346 - HHH000021: Bytecode provider name : javassist
09:51:35,036  INFO main dialect.Dialect:145 - HHH000400: Using dialect: org.hibernate.dialect.MySQL5Dialect
09:51:35,043  INFO main internal.LobCreatorBuilder:88 - HHH000422: Disabling contextual LOB creation as connection was null
09:51:35,166  INFO main internal.TransactionFactoryInitiator:62 - HHH000399: Using default transaction strategy (direct JDBC transactions)
09:51:35,179  INFO main ast.ASTQueryTranslatorFactory:47 - HHH000397: Using ASTQueryTranslatorFactory
09:51:35,219  INFO main util.Version:27 - HV000001: Hibernate Validator 5.1.3.Final
09:51:35,545  INFO main hbm2ddl.SchemaUpdate:207 - HHH000228: Running hbm2ddl schema update
09:51:35,545  INFO main hbm2ddl.SchemaUpdate:218 - HHH000102: Fetching database metadata
09:51:35,565  INFO main impl.AbstractPoolBackedDataSource:522 - Initializing c3p0 pool... com.mchange.v2.c3p0.ComboPooledDataSource [ acquireIncrement -> 2, acquireRetryAttempts -> 30, acquireRetryDelay -> 1000, autoCommitOnClose -> false, automaticTestTable -> null, breakAfterAcquireFailure -> false, checkoutTimeout -> 3000, connectionCustomizerClassName -> null, connectionTesterClassName -> com.mchange.v2.c3p0.impl.DefaultConnectionTester, dataSourceName -> dobl759a182sv6b1mflb2r|3531a8ff, debugUnreturnedConnectionStackTraces -> false, description -> null, driverClass -> com.mysql.jdbc.Driver, factoryClassLocation -> null, forceIgnoreUnresolvedTransactions -> false, identityToken -> dobl759a182sv6b1mflb2r|3531a8ff, idleConnectionTestPeriod -> 60, initialPoolSize -> 2, jdbcUrl -> jdbc:mysql://localhost:3306/mydangdang?useUnicode=true&characterEncoding=utf-8, maxAdministrativeTaskTime -> 0, maxConnectionAge -> 0, maxIdleTime -> 60, maxIdleTimeExcessConnections -> 0, maxPoolSize -> 20, maxStatements -> 100, maxStatementsPerConnection -> 0, minPoolSize -> 2, numHelperThreads -> 3, preferredTestQuery -> null, properties -> {user=******, password=******}, propertyCycle -> 0, statementCacheNumDeferredCloseThreads -> 0, testConnectionOnCheckin -> false, testConnectionOnCheckout -> false, unreturnedConnectionTimeout -> 0, userOverrides -> {}, usesTraditionalReflectiveProxies -> false ]
09:51:35,738  INFO main hbm2ddl.SchemaUpdate:230 - HHH000396: Updating schema
09:51:35,761  INFO main hbm2ddl.TableMetadata:65 - HHH000261: Table found: mydangdang.d_receive_address
09:51:35,762  INFO main hbm2ddl.TableMetadata:66 - HHH000037: Columns: [id, phone, postal_code, receive_name, full_address, user_id, mobile]
09:51:35,762  INFO main hbm2ddl.TableMetadata:68 - HHH000108: Foreign keys: [fk_d6lrse04uwap8jdifji26paxn]
09:51:35,762  INFO main hbm2ddl.TableMetadata:69 - HHH000126: Indexes: [fk_d6lrse04uwap8jdifji26paxn, primary]
09:51:35,771  INFO main hbm2ddl.TableMetadata:65 - HHH000261: Table found: mydangdang.d_user
09:51:35,772  INFO main hbm2ddl.TableMetadata:66 - HHH000037: Columns: [id, email_verify_code, nickname, last_login_time, email, user_integral, last_login_ip, is_email_verify, password]
09:51:35,772  INFO main hbm2ddl.TableMetadata:68 - HHH000108: Foreign keys: []
09:51:35,772  INFO main hbm2ddl.TableMetadata:69 - HHH000126: Indexes: [uk_pbe67nvqcwkuarmpcjr7s26e6, primary]
09:51:35,773  INFO main hbm2ddl.SchemaUpdate:267 - HHH000232: Schema update complete
09:51:35,841  INFO main hibernate4.HibernateTransactionManager:360 - Using DataSource [com.mchange.v2.c3p0.ComboPooledDataSource [ acquireIncrement -> 2, acquireRetryAttempts -> 30, acquireRetryDelay -> 1000, autoCommitOnClose -> false, automaticTestTable -> null, breakAfterAcquireFailure -> false, checkoutTimeout -> 3000, connectionCustomizerClassName -> null, connectionTesterClassName -> com.mchange.v2.c3p0.impl.DefaultConnectionTester, dataSourceName -> dobl759a182sv6b1mflb2r|3531a8ff, debugUnreturnedConnectionStackTraces -> false, description -> null, driverClass -> com.mysql.jdbc.Driver, factoryClassLocation -> null, forceIgnoreUnresolvedTransactions -> false, identityToken -> dobl759a182sv6b1mflb2r|3531a8ff, idleConnectionTestPeriod -> 60, initialPoolSize -> 2, jdbcUrl -> jdbc:mysql://localhost:3306/mydangdang?useUnicode=true&characterEncoding=utf-8, maxAdministrativeTaskTime -> 0, maxConnectionAge -> 0, maxIdleTime -> 60, maxIdleTimeExcessConnections -> 0, maxPoolSize -> 20, maxStatements -> 100, maxStatementsPerConnection -> 0, minPoolSize -> 2, numHelperThreads -> 3, preferredTestQuery -> null, properties -> {user=******, password=******}, propertyCycle -> 0, statementCacheNumDeferredCloseThreads -> 0, testConnectionOnCheckin -> false, testConnectionOnCheckout -> false, unreturnedConnectionTimeout -> 0, userOverrides -> {}, usesTraditionalReflectiveProxies -> false ]] of Hibernate SessionFactory for HibernateTransactionManager
09:51:35,894  INFO main service.UserServiceImpl:41 - validate user ...
09:51:36,002  INFO Thread-5 support.GenericApplicationContext:862 - Closing org.springframework.context.support.GenericApplicationContext@68d31619: startup date [Sat Jul 18 09:51:34 CST 2015]; root of context hierarchy
09:54:07,782  INFO main support.DefaultTestContextBootstrapper:256 - Loaded default TestExecutionListener class names from location [META-INF/spring.factories]: [org.springframework.test.context.web.ServletTestExecutionListener, org.springframework.test.context.support.DependencyInjectionTestExecutionListener, org.springframework.test.context.support.DirtiesContextTestExecutionListener, org.springframework.test.context.transaction.TransactionalTestExecutionListener, org.springframework.test.context.jdbc.SqlScriptsTestExecutionListener]
09:54:07,800  INFO main support.DefaultTestContextBootstrapper:182 - Using TestExecutionListeners: [org.springframework.test.context.web.ServletTestExecutionListener@3e1283d2, org.springframework.test.context.support.DependencyInjectionTestExecutionListener@318c6fd4, org.springframework.test.context.support.DirtiesContextTestExecutionListener@7b01e0b5, org.springframework.test.context.transaction.TransactionalTestExecutionListener@3847ca2a, org.springframework.test.context.jdbc.SqlScriptsTestExecutionListener@7129a843]
09:54:07,880  INFO main xml.XmlBeanDefinitionReader:317 - Loading XML bean definitions from class path resource [applicationContext.xml]
09:54:07,991  INFO main xml.XmlBeanDefinitionReader:317 - Loading XML bean definitions from class path resource [shiro.xml]
09:54:08,058  INFO main xml.XmlBeanDefinitionReader:317 - Loading XML bean definitions from class path resource [persistence-context.xml]
09:54:08,088  INFO main support.GenericApplicationContext:510 - Refreshing org.springframework.context.support.GenericApplicationContext@7a4ff912: startup date [Sat Jul 18 09:54:08 CST 2015]; root of context hierarchy
09:54:08,194  INFO main support.PropertySourcesPlaceholderConfigurer:172 - Loading properties file from class path resource [jdbc.properties]
09:54:08,265  INFO main annotation.AutowiredAnnotationBeanPostProcessor:153 - JSR-330 'javax.inject.Inject' annotation found and supported for autowiring
09:54:08,373  INFO main support.PostProcessorRegistrationDelegate$BeanPostProcessorChecker:309 - Bean 'myRealm' of type [class com.eagle.dangdang.security.MyRealm] is not eligible for getting processed by all BeanPostProcessors (for example: not eligible for auto-proxying)
09:54:08,385  INFO main support.PostProcessorRegistrationDelegate$BeanPostProcessorChecker:309 - Bean 'org.springframework.transaction.annotation.AnnotationTransactionAttributeSource#0' of type [class org.springframework.transaction.annotation.AnnotationTransactionAttributeSource] is not eligible for getting processed by all BeanPostProcessors (for example: not eligible for auto-proxying)
09:54:08,387  INFO main support.PostProcessorRegistrationDelegate$BeanPostProcessorChecker:309 - Bean 'org.springframework.transaction.config.internalTransactionAdvisor' of type [class org.springframework.transaction.interceptor.BeanFactoryTransactionAttributeSourceAdvisor] is not eligible for getting processed by all BeanPostProcessors (for example: not eligible for auto-proxying)
09:54:08,392  INFO main support.PostProcessorRegistrationDelegate$BeanPostProcessorChecker:309 - Bean 'securityManager' of type [class org.apache.shiro.web.mgt.DefaultWebSecurityManager] is not eligible for getting processed by all BeanPostProcessors (for example: not eligible for auto-proxying)
09:54:08,456  INFO main log.MLog:92 - MLog clients using log4j logging.
09:54:08,622  INFO main c3p0.C3P0Registry:216 - Initializing c3p0-0.9.2.1 [built 20-March-2013 10:47:27 +0000; debug? true; trace: 10]
09:54:08,777  INFO main common.Version:66 - HCANN000001: Hibernate Commons Annotations {4.0.5.Final}
09:54:08,782  INFO main hibernate.Version:54 - HHH000412: Hibernate Core {4.3.10.Final}
09:54:08,784  INFO main cfg.Environment:239 - HHH000206: hibernate.properties not found
09:54:08,786  INFO main cfg.Environment:346 - HHH000021: Bytecode provider name : javassist
09:54:08,892  INFO main dialect.Dialect:145 - HHH000400: Using dialect: org.hibernate.dialect.MySQL5Dialect
09:54:08,899  INFO main internal.LobCreatorBuilder:88 - HHH000422: Disabling contextual LOB creation as connection was null
09:54:09,017  INFO main internal.TransactionFactoryInitiator:62 - HHH000399: Using default transaction strategy (direct JDBC transactions)
09:54:09,031  INFO main ast.ASTQueryTranslatorFactory:47 - HHH000397: Using ASTQueryTranslatorFactory
09:54:09,069  INFO main util.Version:27 - HV000001: Hibernate Validator 5.1.3.Final
09:54:09,376  INFO main hbm2ddl.SchemaUpdate:207 - HHH000228: Running hbm2ddl schema update
09:54:09,376  INFO main hbm2ddl.SchemaUpdate:218 - HHH000102: Fetching database metadata
09:54:09,396  INFO main impl.AbstractPoolBackedDataSource:522 - Initializing c3p0 pool... com.mchange.v2.c3p0.ComboPooledDataSource [ acquireIncrement -> 2, acquireRetryAttempts -> 30, acquireRetryDelay -> 1000, autoCommitOnClose -> false, automaticTestTable -> null, breakAfterAcquireFailure -> false, checkoutTimeout -> 3000, connectionCustomizerClassName -> null, connectionTesterClassName -> com.mchange.v2.c3p0.impl.DefaultConnectionTester, dataSourceName -> dobl759a182w5wg3xfpo9|4f4e18a1, debugUnreturnedConnectionStackTraces -> false, description -> null, driverClass -> com.mysql.jdbc.Driver, factoryClassLocation -> null, forceIgnoreUnresolvedTransactions -> false, identityToken -> dobl759a182w5wg3xfpo9|4f4e18a1, idleConnectionTestPeriod -> 60, initialPoolSize -> 2, jdbcUrl -> jdbc:mysql://localhost:3306/mydangdang?useUnicode=true&characterEncoding=utf-8, maxAdministrativeTaskTime -> 0, maxConnectionAge -> 0, maxIdleTime -> 60, maxIdleTimeExcessConnections -> 0, maxPoolSize -> 20, maxStatements -> 100, maxStatementsPerConnection -> 0, minPoolSize -> 2, numHelperThreads -> 3, preferredTestQuery -> null, properties -> {user=******, password=******}, propertyCycle -> 0, statementCacheNumDeferredCloseThreads -> 0, testConnectionOnCheckin -> false, testConnectionOnCheckout -> false, unreturnedConnectionTimeout -> 0, userOverrides -> {}, usesTraditionalReflectiveProxies -> false ]
09:54:09,564  INFO main hbm2ddl.SchemaUpdate:230 - HHH000396: Updating schema
09:54:09,587  INFO main hbm2ddl.TableMetadata:65 - HHH000261: Table found: mydangdang.d_receive_address
09:54:09,587  INFO main hbm2ddl.TableMetadata:66 - HHH000037: Columns: [id, phone, postal_code, receive_name, full_address, user_id, mobile]
09:54:09,588  INFO main hbm2ddl.TableMetadata:68 - HHH000108: Foreign keys: [fk_d6lrse04uwap8jdifji26paxn]
09:54:09,588  INFO main hbm2ddl.TableMetadata:69 - HHH000126: Indexes: [fk_d6lrse04uwap8jdifji26paxn, primary]
09:54:09,597  INFO main hbm2ddl.TableMetadata:65 - HHH000261: Table found: mydangdang.d_user
09:54:09,598  INFO main hbm2ddl.TableMetadata:66 - HHH000037: Columns: [id, email_verify_code, nickname, last_login_time, email, user_integral, last_login_ip, is_email_verify, password]
09:54:09,598  INFO main hbm2ddl.TableMetadata:68 - HHH000108: Foreign keys: []
09:54:09,598  INFO main hbm2ddl.TableMetadata:69 - HHH000126: Indexes: [uk_pbe67nvqcwkuarmpcjr7s26e6, primary]
09:54:09,599  INFO main hbm2ddl.SchemaUpdate:267 - HHH000232: Schema update complete
09:54:09,668  INFO main hibernate4.HibernateTransactionManager:360 - Using DataSource [com.mchange.v2.c3p0.ComboPooledDataSource [ acquireIncrement -> 2, acquireRetryAttempts -> 30, acquireRetryDelay -> 1000, autoCommitOnClose -> false, automaticTestTable -> null, breakAfterAcquireFailure -> false, checkoutTimeout -> 3000, connectionCustomizerClassName -> null, connectionTesterClassName -> com.mchange.v2.c3p0.impl.DefaultConnectionTester, dataSourceName -> dobl759a182w5wg3xfpo9|4f4e18a1, debugUnreturnedConnectionStackTraces -> false, description -> null, driverClass -> com.mysql.jdbc.Driver, factoryClassLocation -> null, forceIgnoreUnresolvedTransactions -> false, identityToken -> dobl759a182w5wg3xfpo9|4f4e18a1, idleConnectionTestPeriod -> 60, initialPoolSize -> 2, jdbcUrl -> jdbc:mysql://localhost:3306/mydangdang?useUnicode=true&characterEncoding=utf-8, maxAdministrativeTaskTime -> 0, maxConnectionAge -> 0, maxIdleTime -> 60, maxIdleTimeExcessConnections -> 0, maxPoolSize -> 20, maxStatements -> 100, maxStatementsPerConnection -> 0, minPoolSize -> 2, numHelperThreads -> 3, preferredTestQuery -> null, properties -> {user=******, password=******}, propertyCycle -> 0, statementCacheNumDeferredCloseThreads -> 0, testConnectionOnCheckin -> false, testConnectionOnCheckout -> false, unreturnedConnectionTimeout -> 0, userOverrides -> {}, usesTraditionalReflectiveProxies -> false ]] of Hibernate SessionFactory for HibernateTransactionManager
09:54:09,719  INFO main service.UserServiceImpl:41 - validate user ...
09:54:09,799  INFO Thread-5 support.GenericApplicationContext:862 - Closing org.springframework.context.support.GenericApplicationContext@7a4ff912: startup date [Sat Jul 18 09:54:08 CST 2015]; root of context hierarchy
09:57:07,379  INFO main support.DefaultTestContextBootstrapper:256 - Loaded default TestExecutionListener class names from location [META-INF/spring.factories]: [org.springframework.test.context.web.ServletTestExecutionListener, org.springframework.test.context.support.DependencyInjectionTestExecutionListener, org.springframework.test.context.support.DirtiesContextTestExecutionListener, org.springframework.test.context.transaction.TransactionalTestExecutionListener, org.springframework.test.context.jdbc.SqlScriptsTestExecutionListener]
09:57:07,397  INFO main support.DefaultTestContextBootstrapper:182 - Using TestExecutionListeners: [org.springframework.test.context.web.ServletTestExecutionListener@3847ca2a, org.springframework.test.context.support.DependencyInjectionTestExecutionListener@7129a843, org.springframework.test.context.support.DirtiesContextTestExecutionListener@65e600bf, org.springframework.test.context.transaction.TransactionalTestExecutionListener@5f3b2fdc, org.springframework.test.context.jdbc.SqlScriptsTestExecutionListener@26c3455c]
09:57:07,476  INFO main xml.XmlBeanDefinitionReader:317 - Loading XML bean definitions from class path resource [applicationContext.xml]
09:57:07,585  INFO main xml.XmlBeanDefinitionReader:317 - Loading XML bean definitions from class path resource [shiro.xml]
09:57:07,652  INFO main xml.XmlBeanDefinitionReader:317 - Loading XML bean definitions from class path resource [persistence-context.xml]
09:57:07,682  INFO main support.GenericApplicationContext:510 - Refreshing org.springframework.context.support.GenericApplicationContext@116bb691: startup date [Sat Jul 18 09:57:07 CST 2015]; root of context hierarchy
09:57:07,784  INFO main support.PropertySourcesPlaceholderConfigurer:172 - Loading properties file from class path resource [jdbc.properties]
09:57:07,851  INFO main annotation.AutowiredAnnotationBeanPostProcessor:153 - JSR-330 'javax.inject.Inject' annotation found and supported for autowiring
09:57:07,952  INFO main support.PostProcessorRegistrationDelegate$BeanPostProcessorChecker:309 - Bean 'myRealm' of type [class com.eagle.dangdang.security.MyRealm] is not eligible for getting processed by all BeanPostProcessors (for example: not eligible for auto-proxying)
09:57:07,962  INFO main support.PostProcessorRegistrationDelegate$BeanPostProcessorChecker:309 - Bean 'org.springframework.transaction.annotation.AnnotationTransactionAttributeSource#0' of type [class org.springframework.transaction.annotation.AnnotationTransactionAttributeSource] is not eligible for getting processed by all BeanPostProcessors (for example: not eligible for auto-proxying)
09:57:07,964  INFO main support.PostProcessorRegistrationDelegate$BeanPostProcessorChecker:309 - Bean 'org.springframework.transaction.config.internalTransactionAdvisor' of type [class org.springframework.transaction.interceptor.BeanFactoryTransactionAttributeSourceAdvisor] is not eligible for getting processed by all BeanPostProcessors (for example: not eligible for auto-proxying)
09:57:07,969  INFO main support.PostProcessorRegistrationDelegate$BeanPostProcessorChecker:309 - Bean 'securityManager' of type [class org.apache.shiro.web.mgt.DefaultWebSecurityManager] is not eligible for getting processed by all BeanPostProcessors (for example: not eligible for auto-proxying)
09:57:08,031  INFO main log.MLog:92 - MLog clients using log4j logging.
09:57:08,201  INFO main c3p0.C3P0Registry:216 - Initializing c3p0-0.9.2.1 [built 20-March-2013 10:47:27 +0000; debug? true; trace: 10]
09:57:08,367  INFO main common.Version:66 - HCANN000001: Hibernate Commons Annotations {4.0.5.Final}
09:57:08,373  INFO main hibernate.Version:54 - HHH000412: Hibernate Core {4.3.10.Final}
09:57:08,375  INFO main cfg.Environment:239 - HHH000206: hibernate.properties not found
09:57:08,377  INFO main cfg.Environment:346 - HHH000021: Bytecode provider name : javassist
09:57:08,490  INFO main dialect.Dialect:145 - HHH000400: Using dialect: org.hibernate.dialect.MySQL5Dialect
09:57:08,498  INFO main internal.LobCreatorBuilder:88 - HHH000422: Disabling contextual LOB creation as connection was null
09:57:08,614  INFO main internal.TransactionFactoryInitiator:62 - HHH000399: Using default transaction strategy (direct JDBC transactions)
09:57:08,628  INFO main ast.ASTQueryTranslatorFactory:47 - HHH000397: Using ASTQueryTranslatorFactory
09:57:08,665  INFO main util.Version:27 - HV000001: Hibernate Validator 5.1.3.Final
09:57:08,972  INFO main hbm2ddl.SchemaUpdate:207 - HHH000228: Running hbm2ddl schema update
09:57:08,973  INFO main hbm2ddl.SchemaUpdate:218 - HHH000102: Fetching database metadata
09:57:08,992  INFO main impl.AbstractPoolBackedDataSource:522 - Initializing c3p0 pool... com.mchange.v2.c3p0.ComboPooledDataSource [ acquireIncrement -> 2, acquireRetryAttempts -> 30, acquireRetryDelay -> 1000, autoCommitOnClose -> false, automaticTestTable -> null, breakAfterAcquireFailure -> false, checkoutTimeout -> 3000, connectionCustomizerClassName -> null, connectionTesterClassName -> com.mchange.v2.c3p0.impl.DefaultConnectionTester, dataSourceName -> dobl759a18300go19qs63a|309c3c24, debugUnreturnedConnectionStackTraces -> false, description -> null, driverClass -> com.mysql.jdbc.Driver, factoryClassLocation -> null, forceIgnoreUnresolvedTransactions -> false, identityToken -> dobl759a18300go19qs63a|309c3c24, idleConnectionTestPeriod -> 60, initialPoolSize -> 2, jdbcUrl -> jdbc:mysql://localhost:3306/mydangdang?useUnicode=true&characterEncoding=utf-8, maxAdministrativeTaskTime -> 0, maxConnectionAge -> 0, maxIdleTime -> 60, maxIdleTimeExcessConnections -> 0, maxPoolSize -> 20, maxStatements -> 100, maxStatementsPerConnection -> 0, minPoolSize -> 2, numHelperThreads -> 3, preferredTestQuery -> null, properties -> {user=******, password=******}, propertyCycle -> 0, statementCacheNumDeferredCloseThreads -> 0, testConnectionOnCheckin -> false, testConnectionOnCheckout -> false, unreturnedConnectionTimeout -> 0, userOverrides -> {}, usesTraditionalReflectiveProxies -> false ]
09:57:09,158  INFO main hbm2ddl.SchemaUpdate:230 - HHH000396: Updating schema
09:57:09,181  INFO main hbm2ddl.TableMetadata:65 - HHH000261: Table found: mydangdang.d_receive_address
09:57:09,181  INFO main hbm2ddl.TableMetadata:66 - HHH000037: Columns: [id, phone, postal_code, receive_name, full_address, user_id, mobile]
09:57:09,182  INFO main hbm2ddl.TableMetadata:68 - HHH000108: Foreign keys: [fk_d6lrse04uwap8jdifji26paxn]
09:57:09,182  INFO main hbm2ddl.TableMetadata:69 - HHH000126: Indexes: [fk_d6lrse04uwap8jdifji26paxn, primary]
09:57:09,191  INFO main hbm2ddl.TableMetadata:65 - HHH000261: Table found: mydangdang.d_user
09:57:09,191  INFO main hbm2ddl.TableMetadata:66 - HHH000037: Columns: [id, email_verify_code, nickname, last_login_time, email, user_integral, last_login_ip, is_email_verify, password]
09:57:09,191  INFO main hbm2ddl.TableMetadata:68 - HHH000108: Foreign keys: []
09:57:09,192  INFO main hbm2ddl.TableMetadata:69 - HHH000126: Indexes: [uk_pbe67nvqcwkuarmpcjr7s26e6, primary]
09:57:09,193  INFO main hbm2ddl.SchemaUpdate:267 - HHH000232: Schema update complete
09:57:09,262  INFO main hibernate4.HibernateTransactionManager:360 - Using DataSource [com.mchange.v2.c3p0.ComboPooledDataSource [ acquireIncrement -> 2, acquireRetryAttempts -> 30, acquireRetryDelay -> 1000, autoCommitOnClose -> false, automaticTestTable -> null, breakAfterAcquireFailure -> false, checkoutTimeout -> 3000, connectionCustomizerClassName -> null, connectionTesterClassName -> com.mchange.v2.c3p0.impl.DefaultConnectionTester, dataSourceName -> dobl759a18300go19qs63a|309c3c24, debugUnreturnedConnectionStackTraces -> false, description -> null, driverClass -> com.mysql.jdbc.Driver, factoryClassLocation -> null, forceIgnoreUnresolvedTransactions -> false, identityToken -> dobl759a18300go19qs63a|309c3c24, idleConnectionTestPeriod -> 60, initialPoolSize -> 2, jdbcUrl -> jdbc:mysql://localhost:3306/mydangdang?useUnicode=true&characterEncoding=utf-8, maxAdministrativeTaskTime -> 0, maxConnectionAge -> 0, maxIdleTime -> 60, maxIdleTimeExcessConnections -> 0, maxPoolSize -> 20, maxStatements -> 100, maxStatementsPerConnection -> 0, minPoolSize -> 2, numHelperThreads -> 3, preferredTestQuery -> null, properties -> {user=******, password=******}, propertyCycle -> 0, statementCacheNumDeferredCloseThreads -> 0, testConnectionOnCheckin -> false, testConnectionOnCheckout -> false, unreturnedConnectionTimeout -> 0, userOverrides -> {}, usesTraditionalReflectiveProxies -> false ]] of Hibernate SessionFactory for HibernateTransactionManager
09:57:09,317  INFO main service.UserServiceImpl:41 - validate user ...
09:57:09,419  INFO Thread-5 support.GenericApplicationContext:862 - Closing org.springframework.context.support.GenericApplicationContext@116bb691: startup date [Sat Jul 18 09:57:07 CST 2015]; root of context hierarchy
09:57:47,645  INFO main support.DefaultTestContextBootstrapper:256 - Loaded default TestExecutionListener class names from location [META-INF/spring.factories]: [org.springframework.test.context.web.ServletTestExecutionListener, org.springframework.test.context.support.DependencyInjectionTestExecutionListener, org.springframework.test.context.support.DirtiesContextTestExecutionListener, org.springframework.test.context.transaction.TransactionalTestExecutionListener, org.springframework.test.context.jdbc.SqlScriptsTestExecutionListener]
09:57:47,666  INFO main support.DefaultTestContextBootstrapper:182 - Using TestExecutionListeners: [org.springframework.test.context.web.ServletTestExecutionListener@7b01e0b5, org.springframework.test.context.support.DependencyInjectionTestExecutionListener@3847ca2a, org.springframework.test.context.support.DirtiesContextTestExecutionListener@7129a843, org.springframework.test.context.transaction.TransactionalTestExecutionListener@65e600bf, org.springframework.test.context.jdbc.SqlScriptsTestExecutionListener@5f3b2fdc]
09:57:47,751  INFO main xml.XmlBeanDefinitionReader:317 - Loading XML bean definitions from class path resource [applicationContext.xml]
09:57:47,856  INFO main xml.XmlBeanDefinitionReader:317 - Loading XML bean definitions from class path resource [shiro.xml]
09:57:47,926  INFO main xml.XmlBeanDefinitionReader:317 - Loading XML bean definitions from class path resource [persistence-context.xml]
09:57:47,956  INFO main support.GenericApplicationContext:510 - Refreshing org.springframework.context.support.GenericApplicationContext@28da431b: startup date [Sat Jul 18 09:57:47 CST 2015]; root of context hierarchy
09:57:48,064  INFO main support.PropertySourcesPlaceholderConfigurer:172 - Loading properties file from class path resource [jdbc.properties]
09:57:48,143  INFO main annotation.AutowiredAnnotationBeanPostProcessor:153 - JSR-330 'javax.inject.Inject' annotation found and supported for autowiring
09:57:48,254  INFO main support.PostProcessorRegistrationDelegate$BeanPostProcessorChecker:309 - Bean 'myRealm' of type [class com.eagle.dangdang.security.MyRealm] is not eligible for getting processed by all BeanPostProcessors (for example: not eligible for auto-proxying)
09:57:48,264  INFO main support.PostProcessorRegistrationDelegate$BeanPostProcessorChecker:309 - Bean 'org.springframework.transaction.annotation.AnnotationTransactionAttributeSource#0' of type [class org.springframework.transaction.annotation.AnnotationTransactionAttributeSource] is not eligible for getting processed by all BeanPostProcessors (for example: not eligible for auto-proxying)
09:57:48,267  INFO main support.PostProcessorRegistrationDelegate$BeanPostProcessorChecker:309 - Bean 'org.springframework.transaction.config.internalTransactionAdvisor' of type [class org.springframework.transaction.interceptor.BeanFactoryTransactionAttributeSourceAdvisor] is not eligible for getting processed by all BeanPostProcessors (for example: not eligible for auto-proxying)
09:57:48,273  INFO main support.PostProcessorRegistrationDelegate$BeanPostProcessorChecker:309 - Bean 'securityManager' of type [class org.apache.shiro.web.mgt.DefaultWebSecurityManager] is not eligible for getting processed by all BeanPostProcessors (for example: not eligible for auto-proxying)
09:57:48,340  INFO main log.MLog:92 - MLog clients using log4j logging.
09:57:48,506  INFO main c3p0.C3P0Registry:216 - Initializing c3p0-0.9.2.1 [built 20-March-2013 10:47:27 +0000; debug? true; trace: 10]
09:57:48,657  INFO main common.Version:66 - HCANN000001: Hibernate Commons Annotations {4.0.5.Final}
09:57:48,662  INFO main hibernate.Version:54 - HHH000412: Hibernate Core {4.3.10.Final}
09:57:48,664  INFO main cfg.Environment:239 - HHH000206: hibernate.properties not found
09:57:48,665  INFO main cfg.Environment:346 - HHH000021: Bytecode provider name : javassist
09:57:48,771  INFO main dialect.Dialect:145 - HHH000400: Using dialect: org.hibernate.dialect.MySQL5Dialect
09:57:48,778  INFO main internal.LobCreatorBuilder:88 - HHH000422: Disabling contextual LOB creation as connection was null
09:57:48,895  INFO main internal.TransactionFactoryInitiator:62 - HHH000399: Using default transaction strategy (direct JDBC transactions)
09:57:48,909  INFO main ast.ASTQueryTranslatorFactory:47 - HHH000397: Using ASTQueryTranslatorFactory
09:57:48,947  INFO main util.Version:27 - HV000001: Hibernate Validator 5.1.3.Final
09:57:49,258  INFO main hbm2ddl.SchemaUpdate:207 - HHH000228: Running hbm2ddl schema update
09:57:49,259  INFO main hbm2ddl.SchemaUpdate:218 - HHH000102: Fetching database metadata
09:57:49,278  INFO main impl.AbstractPoolBackedDataSource:522 - Initializing c3p0 pool... com.mchange.v2.c3p0.ComboPooledDataSource [ acquireIncrement -> 2, acquireRetryAttempts -> 30, acquireRetryDelay -> 1000, autoCommitOnClose -> false, automaticTestTable -> null, breakAfterAcquireFailure -> false, checkoutTimeout -> 3000, connectionCustomizerClassName -> null, connectionTesterClassName -> com.mchange.v2.c3p0.impl.DefaultConnectionTester, dataSourceName -> dobl759a1830vkf1u2vhrs|b1e27bb, debugUnreturnedConnectionStackTraces -> false, description -> null, driverClass -> com.mysql.jdbc.Driver, factoryClassLocation -> null, forceIgnoreUnresolvedTransactions -> false, identityToken -> dobl759a1830vkf1u2vhrs|b1e27bb, idleConnectionTestPeriod -> 60, initialPoolSize -> 2, jdbcUrl -> jdbc:mysql://localhost:3306/mydangdang?useUnicode=true&characterEncoding=utf-8, maxAdministrativeTaskTime -> 0, maxConnectionAge -> 0, maxIdleTime -> 60, maxIdleTimeExcessConnections -> 0, maxPoolSize -> 20, maxStatements -> 100, maxStatementsPerConnection -> 0, minPoolSize -> 2, numHelperThreads -> 3, preferredTestQuery -> null, properties -> {user=******, password=******}, propertyCycle -> 0, statementCacheNumDeferredCloseThreads -> 0, testConnectionOnCheckin -> false, testConnectionOnCheckout -> false, unreturnedConnectionTimeout -> 0, userOverrides -> {}, usesTraditionalReflectiveProxies -> false ]
09:57:49,440  INFO main hbm2ddl.SchemaUpdate:230 - HHH000396: Updating schema
09:57:49,463  INFO main hbm2ddl.TableMetadata:65 - HHH000261: Table found: mydangdang.d_receive_address
09:57:49,463  INFO main hbm2ddl.TableMetadata:66 - HHH000037: Columns: [id, phone, postal_code, receive_name, full_address, user_id, mobile]
09:57:49,463  INFO main hbm2ddl.TableMetadata:68 - HHH000108: Foreign keys: [fk_d6lrse04uwap8jdifji26paxn]
09:57:49,464  INFO main hbm2ddl.TableMetadata:69 - HHH000126: Indexes: [fk_d6lrse04uwap8jdifji26paxn, primary]
09:57:49,472  INFO main hbm2ddl.TableMetadata:65 - HHH000261: Table found: mydangdang.d_user
09:57:49,473  INFO main hbm2ddl.TableMetadata:66 - HHH000037: Columns: [id, email_verify_code, nickname, last_login_time, email, user_integral, last_login_ip, is_email_verify, password]
09:57:49,473  INFO main hbm2ddl.TableMetadata:68 - HHH000108: Foreign keys: []
09:57:49,473  INFO main hbm2ddl.TableMetadata:69 - HHH000126: Indexes: [uk_pbe67nvqcwkuarmpcjr7s26e6, primary]
09:57:49,474  INFO main hbm2ddl.SchemaUpdate:267 - HHH000232: Schema update complete
09:57:49,528  INFO main hibernate4.HibernateTransactionManager:360 - Using DataSource [com.mchange.v2.c3p0.ComboPooledDataSource [ acquireIncrement -> 2, acquireRetryAttempts -> 30, acquireRetryDelay -> 1000, autoCommitOnClose -> false, automaticTestTable -> null, breakAfterAcquireFailure -> false, checkoutTimeout -> 3000, connectionCustomizerClassName -> null, connectionTesterClassName -> com.mchange.v2.c3p0.impl.DefaultConnectionTester, dataSourceName -> dobl759a1830vkf1u2vhrs|b1e27bb, debugUnreturnedConnectionStackTraces -> false, description -> null, driverClass -> com.mysql.jdbc.Driver, factoryClassLocation -> null, forceIgnoreUnresolvedTransactions -> false, identityToken -> dobl759a1830vkf1u2vhrs|b1e27bb, idleConnectionTestPeriod -> 60, initialPoolSize -> 2, jdbcUrl -> jdbc:mysql://localhost:3306/mydangdang?useUnicode=true&characterEncoding=utf-8, maxAdministrativeTaskTime -> 0, maxConnectionAge -> 0, maxIdleTime -> 60, maxIdleTimeExcessConnections -> 0, maxPoolSize -> 20, maxStatements -> 100, maxStatementsPerConnection -> 0, minPoolSize -> 2, numHelperThreads -> 3, preferredTestQuery -> null, properties -> {user=******, password=******}, propertyCycle -> 0, statementCacheNumDeferredCloseThreads -> 0, testConnectionOnCheckin -> false, testConnectionOnCheckout -> false, unreturnedConnectionTimeout -> 0, userOverrides -> {}, usesTraditionalReflectiveProxies -> false ]] of Hibernate SessionFactory for HibernateTransactionManager
09:57:49,643  INFO Thread-5 support.GenericApplicationContext:862 - Closing org.springframework.context.support.GenericApplicationContext@28da431b: startup date [Sat Jul 18 09:57:47 CST 2015]; root of context hierarchy
10:43:39,840  INFO main support.DefaultTestContextBootstrapper:256 - Loaded default TestExecutionListener class names from location [META-INF/spring.factories]: [org.springframework.test.context.web.ServletTestExecutionListener, org.springframework.test.context.support.DependencyInjectionTestExecutionListener, org.springframework.test.context.support.DirtiesContextTestExecutionListener, org.springframework.test.context.transaction.TransactionalTestExecutionListener, org.springframework.test.context.jdbc.SqlScriptsTestExecutionListener]
10:43:39,857  INFO main support.DefaultTestContextBootstrapper:182 - Using TestExecutionListeners: [org.springframework.test.context.web.ServletTestExecutionListener@7b01e0b5, org.springframework.test.context.support.DependencyInjectionTestExecutionListener@3847ca2a, org.springframework.test.context.support.DirtiesContextTestExecutionListener@7129a843, org.springframework.test.context.transaction.TransactionalTestExecutionListener@65e600bf, org.springframework.test.context.jdbc.SqlScriptsTestExecutionListener@5f3b2fdc]
10:43:39,940  INFO main xml.XmlBeanDefinitionReader:317 - Loading XML bean definitions from class path resource [applicationContext.xml]
10:43:40,047  INFO main xml.XmlBeanDefinitionReader:317 - Loading XML bean definitions from class path resource [shiro.xml]
10:43:40,117  INFO main xml.XmlBeanDefinitionReader:317 - Loading XML bean definitions from class path resource [persistence-context.xml]
10:43:40,147  INFO main support.GenericApplicationContext:510 - Refreshing org.springframework.context.support.GenericApplicationContext@28da431b: startup date [Sat Jul 18 10:43:40 CST 2015]; root of context hierarchy
10:43:40,253  INFO main support.PropertySourcesPlaceholderConfigurer:172 - Loading properties file from class path resource [jdbc.properties]
10:43:40,320  INFO main annotation.AutowiredAnnotationBeanPostProcessor:153 - JSR-330 'javax.inject.Inject' annotation found and supported for autowiring
10:43:40,420  INFO main support.PostProcessorRegistrationDelegate$BeanPostProcessorChecker:309 - Bean 'myRealm' of type [class com.eagle.dangdang.security.MyRealm] is not eligible for getting processed by all BeanPostProcessors (for example: not eligible for auto-proxying)
10:43:40,432  INFO main support.PostProcessorRegistrationDelegate$BeanPostProcessorChecker:309 - Bean 'org.springframework.transaction.annotation.AnnotationTransactionAttributeSource#0' of type [class org.springframework.transaction.annotation.AnnotationTransactionAttributeSource] is not eligible for getting processed by all BeanPostProcessors (for example: not eligible for auto-proxying)
10:43:40,434  INFO main support.PostProcessorRegistrationDelegate$BeanPostProcessorChecker:309 - Bean 'org.springframework.transaction.config.internalTransactionAdvisor' of type [class org.springframework.transaction.interceptor.BeanFactoryTransactionAttributeSourceAdvisor] is not eligible for getting processed by all BeanPostProcessors (for example: not eligible for auto-proxying)
10:43:40,440  INFO main support.PostProcessorRegistrationDelegate$BeanPostProcessorChecker:309 - Bean 'securityManager' of type [class org.apache.shiro.web.mgt.DefaultWebSecurityManager] is not eligible for getting processed by all BeanPostProcessors (for example: not eligible for auto-proxying)
10:43:40,509  INFO main util.Version:27 - HV000001: Hibernate Validator 5.1.3.Final
10:43:40,618  INFO main log.MLog:92 - MLog clients using log4j logging.
10:43:40,781  INFO main c3p0.C3P0Registry:216 - Initializing c3p0-0.9.2.1 [built 20-March-2013 10:47:27 +0000; debug? true; trace: 10]
10:43:40,926  INFO main common.Version:66 - HCANN000001: Hibernate Commons Annotations {4.0.5.Final}
10:43:40,932  INFO main hibernate.Version:54 - HHH000412: Hibernate Core {4.3.10.Final}
10:43:40,934  INFO main cfg.Environment:239 - HHH000206: hibernate.properties not found
10:43:40,935  INFO main cfg.Environment:346 - HHH000021: Bytecode provider name : javassist
10:43:41,044  INFO main dialect.Dialect:145 - HHH000400: Using dialect: org.hibernate.dialect.MySQL5Dialect
10:43:41,051  INFO main internal.LobCreatorBuilder:88 - HHH000422: Disabling contextual LOB creation as connection was null
10:43:41,173  INFO main internal.TransactionFactoryInitiator:62 - HHH000399: Using default transaction strategy (direct JDBC transactions)
10:43:41,177  INFO main ast.ASTQueryTranslatorFactory:47 - HHH000397: Using ASTQueryTranslatorFactory
10:43:41,459  INFO main hbm2ddl.SchemaUpdate:207 - HHH000228: Running hbm2ddl schema update
10:43:41,460  INFO main hbm2ddl.SchemaUpdate:218 - HHH000102: Fetching database metadata
10:43:41,480  INFO main impl.AbstractPoolBackedDataSource:522 - Initializing c3p0 pool... com.mchange.v2.c3p0.ComboPooledDataSource [ acquireIncrement -> 2, acquireRetryAttempts -> 30, acquireRetryDelay -> 1000, autoCommitOnClose -> false, automaticTestTable -> null, breakAfterAcquireFailure -> false, checkoutTimeout -> 3000, connectionCustomizerClassName -> null, connectionTesterClassName -> com.mchange.v2.c3p0.impl.DefaultConnectionTester, dataSourceName -> dobl759a184nv8knu5j0h|50ebe0fa, debugUnreturnedConnectionStackTraces -> false, description -> null, driverClass -> com.mysql.jdbc.Driver, factoryClassLocation -> null, forceIgnoreUnresolvedTransactions -> false, identityToken -> dobl759a184nv8knu5j0h|50ebe0fa, idleConnectionTestPeriod -> 60, initialPoolSize -> 2, jdbcUrl -> jdbc:mysql://localhost:3306/mydangdang?useUnicode=true&characterEncoding=utf-8, maxAdministrativeTaskTime -> 0, maxConnectionAge -> 0, maxIdleTime -> 60, maxIdleTimeExcessConnections -> 0, maxPoolSize -> 20, maxStatements -> 100, maxStatementsPerConnection -> 0, minPoolSize -> 2, numHelperThreads -> 3, preferredTestQuery -> null, properties -> {user=******, password=******}, propertyCycle -> 0, statementCacheNumDeferredCloseThreads -> 0, testConnectionOnCheckin -> false, testConnectionOnCheckout -> false, unreturnedConnectionTimeout -> 0, userOverrides -> {}, usesTraditionalReflectiveProxies -> false ]
10:43:41,646  INFO main hbm2ddl.SchemaUpdate:230 - HHH000396: Updating schema
10:43:41,669  INFO main hbm2ddl.TableMetadata:65 - HHH000261: Table found: mydangdang.d_receive_address
10:43:41,670  INFO main hbm2ddl.TableMetadata:66 - HHH000037: Columns: [id, phone, postal_code, receive_name, full_address, user_id, mobile]
10:43:41,670  INFO main hbm2ddl.TableMetadata:68 - HHH000108: Foreign keys: [fk_d6lrse04uwap8jdifji26paxn]
10:43:41,671  INFO main hbm2ddl.TableMetadata:69 - HHH000126: Indexes: [fk_d6lrse04uwap8jdifji26paxn, primary]
10:43:41,679  INFO main hbm2ddl.TableMetadata:65 - HHH000261: Table found: mydangdang.d_user
10:43:41,680  INFO main hbm2ddl.TableMetadata:66 - HHH000037: Columns: [id, email_verify_code, nickname, last_login_time, email, user_integral, last_login_ip, is_email_verify, password]
10:43:41,681  INFO main hbm2ddl.TableMetadata:68 - HHH000108: Foreign keys: []
10:43:41,681  INFO main hbm2ddl.TableMetadata:69 - HHH000126: Indexes: [uk_pbe67nvqcwkuarmpcjr7s26e6, primary]
10:43:41,682  INFO main hbm2ddl.SchemaUpdate:267 - HHH000232: Schema update complete
10:43:41,741  INFO main hibernate4.HibernateTransactionManager:360 - Using DataSource [com.mchange.v2.c3p0.ComboPooledDataSource [ acquireIncrement -> 2, acquireRetryAttempts -> 30, acquireRetryDelay -> 1000, autoCommitOnClose -> false, automaticTestTable -> null, breakAfterAcquireFailure -> false, checkoutTimeout -> 3000, connectionCustomizerClassName -> null, connectionTesterClassName -> com.mchange.v2.c3p0.impl.DefaultConnectionTester, dataSourceName -> dobl759a184nv8knu5j0h|50ebe0fa, debugUnreturnedConnectionStackTraces -> false, description -> null, driverClass -> com.mysql.jdbc.Driver, factoryClassLocation -> null, forceIgnoreUnresolvedTransactions -> false, identityToken -> dobl759a184nv8knu5j0h|50ebe0fa, idleConnectionTestPeriod -> 60, initialPoolSize -> 2, jdbcUrl -> jdbc:mysql://localhost:3306/mydangdang?useUnicode=true&characterEncoding=utf-8, maxAdministrativeTaskTime -> 0, maxConnectionAge -> 0, maxIdleTime -> 60, maxIdleTimeExcessConnections -> 0, maxPoolSize -> 20, maxStatements -> 100, maxStatementsPerConnection -> 0, minPoolSize -> 2, numHelperThreads -> 3, preferredTestQuery -> null, properties -> {user=******, password=******}, propertyCycle -> 0, statementCacheNumDeferredCloseThreads -> 0, testConnectionOnCheckin -> false, testConnectionOnCheckout -> false, unreturnedConnectionTimeout -> 0, userOverrides -> {}, usesTraditionalReflectiveProxies -> false ]] of Hibernate SessionFactory for HibernateTransactionManager
10:43:41,841  INFO Thread-5 support.GenericApplicationContext:862 - Closing org.springframework.context.support.GenericApplicationContext@28da431b: startup date [Sat Jul 18 10:43:40 CST 2015]; root of context hierarchy
10:44:22,892  INFO main support.DefaultTestContextBootstrapper:256 - Loaded default TestExecutionListener class names from location [META-INF/spring.factories]: [org.springframework.test.context.web.ServletTestExecutionListener, org.springframework.test.context.support.DependencyInjectionTestExecutionListener, org.springframework.test.context.support.DirtiesContextTestExecutionListener, org.springframework.test.context.transaction.TransactionalTestExecutionListener, org.springframework.test.context.jdbc.SqlScriptsTestExecutionListener]
10:44:22,909  INFO main support.DefaultTestContextBootstrapper:182 - Using TestExecutionListeners: [org.springframework.test.context.web.ServletTestExecutionListener@7129a843, org.springframework.test.context.support.DependencyInjectionTestExecutionListener@65e600bf, org.springframework.test.context.support.DirtiesContextTestExecutionListener@5f3b2fdc, org.springframework.test.context.transaction.TransactionalTestExecutionListener@26c3455c, org.springframework.test.context.jdbc.SqlScriptsTestExecutionListener@5dfeaee5]
10:44:22,988  INFO main xml.XmlBeanDefinitionReader:317 - Loading XML bean definitions from class path resource [applicationContext.xml]
10:44:23,094  INFO main xml.XmlBeanDefinitionReader:317 - Loading XML bean definitions from class path resource [shiro.xml]
10:44:23,164  INFO main xml.XmlBeanDefinitionReader:317 - Loading XML bean definitions from class path resource [persistence-context.xml]
10:44:23,193  INFO main support.GenericApplicationContext:510 - Refreshing org.springframework.context.support.GenericApplicationContext@369ef286: startup date [Sat Jul 18 10:44:23 CST 2015]; root of context hierarchy
10:44:23,304  INFO main support.PropertySourcesPlaceholderConfigurer:172 - Loading properties file from class path resource [jdbc.properties]
10:44:23,374  INFO main annotation.AutowiredAnnotationBeanPostProcessor:153 - JSR-330 'javax.inject.Inject' annotation found and supported for autowiring
10:44:23,481  INFO main support.PostProcessorRegistrationDelegate$BeanPostProcessorChecker:309 - Bean 'myRealm' of type [class com.eagle.dangdang.security.MyRealm] is not eligible for getting processed by all BeanPostProcessors (for example: not eligible for auto-proxying)
10:44:23,491  INFO main support.PostProcessorRegistrationDelegate$BeanPostProcessorChecker:309 - Bean 'org.springframework.transaction.annotation.AnnotationTransactionAttributeSource#0' of type [class org.springframework.transaction.annotation.AnnotationTransactionAttributeSource] is not eligible for getting processed by all BeanPostProcessors (for example: not eligible for auto-proxying)
10:44:23,493  INFO main support.PostProcessorRegistrationDelegate$BeanPostProcessorChecker:309 - Bean 'org.springframework.transaction.config.internalTransactionAdvisor' of type [class org.springframework.transaction.interceptor.BeanFactoryTransactionAttributeSourceAdvisor] is not eligible for getting processed by all BeanPostProcessors (for example: not eligible for auto-proxying)
10:44:23,499  INFO main support.PostProcessorRegistrationDelegate$BeanPostProcessorChecker:309 - Bean 'securityManager' of type [class org.apache.shiro.web.mgt.DefaultWebSecurityManager] is not eligible for getting processed by all BeanPostProcessors (for example: not eligible for auto-proxying)
10:44:23,572  INFO main util.Version:27 - HV000001: Hibernate Validator 5.1.3.Final
10:44:23,686  INFO main log.MLog:92 - MLog clients using log4j logging.
10:44:23,852  INFO main c3p0.C3P0Registry:216 - Initializing c3p0-0.9.2.1 [built 20-March-2013 10:47:27 +0000; debug? true; trace: 10]
10:44:23,999  INFO main common.Version:66 - HCANN000001: Hibernate Commons Annotations {4.0.5.Final}
10:44:24,005  INFO main hibernate.Version:54 - HHH000412: Hibernate Core {4.3.10.Final}
10:44:24,007  INFO main cfg.Environment:239 - HHH000206: hibernate.properties not found
10:44:24,008  INFO main cfg.Environment:346 - HHH000021: Bytecode provider name : javassist
10:44:24,122  INFO main dialect.Dialect:145 - HHH000400: Using dialect: org.hibernate.dialect.MySQL5Dialect
10:44:24,129  INFO main internal.LobCreatorBuilder:88 - HHH000422: Disabling contextual LOB creation as connection was null
10:44:24,248  INFO main internal.TransactionFactoryInitiator:62 - HHH000399: Using default transaction strategy (direct JDBC transactions)
10:44:24,252  INFO main ast.ASTQueryTranslatorFactory:47 - HHH000397: Using ASTQueryTranslatorFactory
10:44:24,535  INFO main hbm2ddl.SchemaUpdate:207 - HHH000228: Running hbm2ddl schema update
10:44:24,535  INFO main hbm2ddl.SchemaUpdate:218 - HHH000102: Fetching database metadata
10:44:24,555  INFO main impl.AbstractPoolBackedDataSource:522 - Initializing c3p0 pool... com.mchange.v2.c3p0.ComboPooledDataSource [ acquireIncrement -> 2, acquireRetryAttempts -> 30, acquireRetryDelay -> 1000, autoCommitOnClose -> false, automaticTestTable -> null, breakAfterAcquireFailure -> false, checkoutTimeout -> 3000, connectionCustomizerClassName -> null, connectionTesterClassName -> com.mchange.v2.c3p0.impl.DefaultConnectionTester, dataSourceName -> dobl759a184osgwhew0b9|68269992, debugUnreturnedConnectionStackTraces -> false, description -> null, driverClass -> com.mysql.jdbc.Driver, factoryClassLocation -> null, forceIgnoreUnresolvedTransactions -> false, identityToken -> dobl759a184osgwhew0b9|68269992, idleConnectionTestPeriod -> 60, initialPoolSize -> 2, jdbcUrl -> jdbc:mysql://localhost:3306/mydangdang?useUnicode=true&characterEncoding=utf-8, maxAdministrativeTaskTime -> 0, maxConnectionAge -> 0, maxIdleTime -> 60, maxIdleTimeExcessConnections -> 0, maxPoolSize -> 20, maxStatements -> 100, maxStatementsPerConnection -> 0, minPoolSize -> 2, numHelperThreads -> 3, preferredTestQuery -> null, properties -> {user=******, password=******}, propertyCycle -> 0, statementCacheNumDeferredCloseThreads -> 0, testConnectionOnCheckin -> false, testConnectionOnCheckout -> false, unreturnedConnectionTimeout -> 0, userOverrides -> {}, usesTraditionalReflectiveProxies -> false ]
10:44:24,724  INFO main hbm2ddl.SchemaUpdate:230 - HHH000396: Updating schema
10:44:24,748  INFO main hbm2ddl.TableMetadata:65 - HHH000261: Table found: mydangdang.d_receive_address
10:44:24,748  INFO main hbm2ddl.TableMetadata:66 - HHH000037: Columns: [id, phone, postal_code, receive_name, full_address, user_id, mobile]
10:44:24,749  INFO main hbm2ddl.TableMetadata:68 - HHH000108: Foreign keys: [fk_d6lrse04uwap8jdifji26paxn]
10:44:24,749  INFO main hbm2ddl.TableMetadata:69 - HHH000126: Indexes: [fk_d6lrse04uwap8jdifji26paxn, primary]
10:44:24,759  INFO main hbm2ddl.TableMetadata:65 - HHH000261: Table found: mydangdang.d_user
10:44:24,759  INFO main hbm2ddl.TableMetadata:66 - HHH000037: Columns: [id, email_verify_code, nickname, last_login_time, email, user_integral, last_login_ip, is_email_verify, password]
10:44:24,760  INFO main hbm2ddl.TableMetadata:68 - HHH000108: Foreign keys: []
10:44:24,760  INFO main hbm2ddl.TableMetadata:69 - HHH000126: Indexes: [uk_pbe67nvqcwkuarmpcjr7s26e6, primary]
10:44:24,761  INFO main hbm2ddl.SchemaUpdate:267 - HHH000232: Schema update complete
10:44:24,804  INFO main hibernate4.HibernateTransactionManager:360 - Using DataSource [com.mchange.v2.c3p0.ComboPooledDataSource [ acquireIncrement -> 2, acquireRetryAttempts -> 30, acquireRetryDelay -> 1000, autoCommitOnClose -> false, automaticTestTable -> null, breakAfterAcquireFailure -> false, checkoutTimeout -> 3000, connectionCustomizerClassName -> null, connectionTesterClassName -> com.mchange.v2.c3p0.impl.DefaultConnectionTester, dataSourceName -> dobl759a184osgwhew0b9|68269992, debugUnreturnedConnectionStackTraces -> false, description -> null, driverClass -> com.mysql.jdbc.Driver, factoryClassLocation -> null, forceIgnoreUnresolvedTransactions -> false, identityToken -> dobl759a184osgwhew0b9|68269992, idleConnectionTestPeriod -> 60, initialPoolSize -> 2, jdbcUrl -> jdbc:mysql://localhost:3306/mydangdang?useUnicode=true&characterEncoding=utf-8, maxAdministrativeTaskTime -> 0, maxConnectionAge -> 0, maxIdleTime -> 60, maxIdleTimeExcessConnections -> 0, maxPoolSize -> 20, maxStatements -> 100, maxStatementsPerConnection -> 0, minPoolSize -> 2, numHelperThreads -> 3, preferredTestQuery -> null, properties -> {user=******, password=******}, propertyCycle -> 0, statementCacheNumDeferredCloseThreads -> 0, testConnectionOnCheckin -> false, testConnectionOnCheckout -> false, unreturnedConnectionTimeout -> 0, userOverrides -> {}, usesTraditionalReflectiveProxies -> false ]] of Hibernate SessionFactory for HibernateTransactionManager
10:44:24,922  INFO Thread-5 support.GenericApplicationContext:862 - Closing org.springframework.context.support.GenericApplicationContext@369ef286: startup date [Sat Jul 18 10:44:23 CST 2015]; root of context hierarchy
13:26:40,415  INFO main support.DefaultTestContextBootstrapper:256 - Loaded default TestExecutionListener class names from location [META-INF/spring.factories]: [org.springframework.test.context.web.ServletTestExecutionListener, org.springframework.test.context.support.DependencyInjectionTestExecutionListener, org.springframework.test.context.support.DirtiesContextTestExecutionListener, org.springframework.test.context.transaction.TransactionalTestExecutionListener, org.springframework.test.context.jdbc.SqlScriptsTestExecutionListener]
13:26:40,435  INFO main support.DefaultTestContextBootstrapper:182 - Using TestExecutionListeners: [org.springframework.test.context.web.ServletTestExecutionListener@7129a843, org.springframework.test.context.support.DependencyInjectionTestExecutionListener@65e600bf, org.springframework.test.context.support.DirtiesContextTestExecutionListener@5f3b2fdc, org.springframework.test.context.transaction.TransactionalTestExecutionListener@26c3455c, org.springframework.test.context.jdbc.SqlScriptsTestExecutionListener@5dfeaee5]
13:26:40,526  INFO main xml.XmlBeanDefinitionReader:317 - Loading XML bean definitions from class path resource [applicationContext.xml]
13:26:40,644  INFO main xml.XmlBeanDefinitionReader:317 - Loading XML bean definitions from class path resource [shiro.xml]
13:26:40,719  INFO main xml.XmlBeanDefinitionReader:317 - Loading XML bean definitions from class path resource [persistence-context.xml]
13:26:40,749  INFO main support.GenericApplicationContext:510 - Refreshing org.springframework.context.support.GenericApplicationContext@369ef286: startup date [Sat Jul 18 13:26:40 CST 2015]; root of context hierarchy
13:26:40,862  INFO main support.PropertySourcesPlaceholderConfigurer:172 - Loading properties file from class path resource [jdbc.properties]
13:26:40,932  INFO main annotation.AutowiredAnnotationBeanPostProcessor:153 - JSR-330 'javax.inject.Inject' annotation found and supported for autowiring
13:26:41,062  INFO main util.Version:27 - HV000001: Hibernate Validator 5.1.3.Final
13:26:41,139  INFO main support.PostProcessorRegistrationDelegate$BeanPostProcessorChecker:309 - Bean 'validator' of type [class org.springframework.validation.beanvalidation.LocalValidatorFactoryBean] is not eligible for getting processed by all BeanPostProcessors (for example: not eligible for auto-proxying)
13:26:41,147  INFO main support.PostProcessorRegistrationDelegate$BeanPostProcessorChecker:309 - Bean 'org.springframework.transaction.annotation.AnnotationTransactionAttributeSource#0' of type [class org.springframework.transaction.annotation.AnnotationTransactionAttributeSource] is not eligible for getting processed by all BeanPostProcessors (for example: not eligible for auto-proxying)
13:26:41,149  INFO main support.PostProcessorRegistrationDelegate$BeanPostProcessorChecker:309 - Bean 'org.springframework.transaction.config.internalTransactionAdvisor' of type [class org.springframework.transaction.interceptor.BeanFactoryTransactionAttributeSourceAdvisor] is not eligible for getting processed by all BeanPostProcessors (for example: not eligible for auto-proxying)
13:26:41,188  INFO main log.MLog:92 - MLog clients using log4j logging.
13:26:41,363  INFO main c3p0.C3P0Registry:216 - Initializing c3p0-0.9.2.1 [built 20-March-2013 10:47:27 +0000; debug? true; trace: 10]
13:26:41,415  INFO main support.PostProcessorRegistrationDelegate$BeanPostProcessorChecker:309 - Bean 'dataSource' of type [class com.mchange.v2.c3p0.ComboPooledDataSource] is not eligible for getting processed by all BeanPostProcessors (for example: not eligible for auto-proxying)
13:26:41,517  INFO main common.Version:66 - HCANN000001: Hibernate Commons Annotations {4.0.5.Final}
13:26:41,523  INFO main hibernate.Version:54 - HHH000412: Hibernate Core {4.3.10.Final}
13:26:41,525  INFO main cfg.Environment:239 - HHH000206: hibernate.properties not found
13:26:41,527  INFO main cfg.Environment:346 - HHH000021: Bytecode provider name : javassist
13:26:41,629  INFO main dialect.Dialect:145 - HHH000400: Using dialect: org.hibernate.dialect.MySQL5Dialect
13:26:41,645  INFO main internal.LobCreatorBuilder:88 - HHH000422: Disabling contextual LOB creation as connection was null
13:26:41,761  INFO main internal.TransactionFactoryInitiator:62 - HHH000399: Using default transaction strategy (direct JDBC transactions)
13:26:41,766  INFO main ast.ASTQueryTranslatorFactory:47 - HHH000397: Using ASTQueryTranslatorFactory
13:26:42,053  INFO main hbm2ddl.SchemaUpdate:207 - HHH000228: Running hbm2ddl schema update
13:26:42,054  INFO main hbm2ddl.SchemaUpdate:218 - HHH000102: Fetching database metadata
13:26:42,074  INFO main impl.AbstractPoolBackedDataSource:522 - Initializing c3p0 pool... com.mchange.v2.c3p0.ComboPooledDataSource [ acquireIncrement -> 2, acquireRetryAttempts -> 30, acquireRetryDelay -> 1000, autoCommitOnClose -> false, automaticTestTable -> null, breakAfterAcquireFailure -> false, checkoutTimeout -> 3000, connectionCustomizerClassName -> null, connectionTesterClassName -> com.mchange.v2.c3p0.impl.DefaultConnectionTester, dataSourceName -> dobl759a18ahhz21iakz7a|77e8a877, debugUnreturnedConnectionStackTraces -> false, description -> null, driverClass -> com.mysql.jdbc.Driver, factoryClassLocation -> null, forceIgnoreUnresolvedTransactions -> false, identityToken -> dobl759a18ahhz21iakz7a|77e8a877, idleConnectionTestPeriod -> 60, initialPoolSize -> 2, jdbcUrl -> jdbc:mysql://localhost:3306/mydangdang?useUnicode=true&characterEncoding=utf-8, maxAdministrativeTaskTime -> 0, maxConnectionAge -> 0, maxIdleTime -> 60, maxIdleTimeExcessConnections -> 0, maxPoolSize -> 20, maxStatements -> 100, maxStatementsPerConnection -> 0, minPoolSize -> 2, numHelperThreads -> 3, preferredTestQuery -> null, properties -> {user=******, password=******}, propertyCycle -> 0, statementCacheNumDeferredCloseThreads -> 0, testConnectionOnCheckin -> false, testConnectionOnCheckout -> false, unreturnedConnectionTimeout -> 0, userOverrides -> {}, usesTraditionalReflectiveProxies -> false ]
13:26:42,241  INFO main hbm2ddl.SchemaUpdate:230 - HHH000396: Updating schema
13:26:42,265  INFO main hbm2ddl.TableMetadata:65 - HHH000261: Table found: mydangdang.d_receive_address
13:26:42,266  INFO main hbm2ddl.TableMetadata:66 - HHH000037: Columns: [id, phone, postal_code, receive_name, full_address, user_id, mobile]
13:26:42,266  INFO main hbm2ddl.TableMetadata:68 - HHH000108: Foreign keys: [fk_d6lrse04uwap8jdifji26paxn]
13:26:42,267  INFO main hbm2ddl.TableMetadata:69 - HHH000126: Indexes: [fk_d6lrse04uwap8jdifji26paxn, primary]
13:26:42,275  INFO main hbm2ddl.TableMetadata:65 - HHH000261: Table found: mydangdang.d_user
13:26:42,276  INFO main hbm2ddl.TableMetadata:66 - HHH000037: Columns: [id, email_verify_code, nickname, last_login_time, email, user_integral, last_login_ip, is_email_verify, password]
13:26:42,276  INFO main hbm2ddl.TableMetadata:68 - HHH000108: Foreign keys: []
13:26:42,277  INFO main hbm2ddl.TableMetadata:69 - HHH000126: Indexes: [uk_pbe67nvqcwkuarmpcjr7s26e6, primary]
13:26:42,290  INFO main hbm2ddl.SchemaUpdate:267 - HHH000232: Schema update complete
13:26:42,298  INFO main support.PostProcessorRegistrationDelegate$BeanPostProcessorChecker:309 - Bean 'sessionFactory' of type [class org.springframework.orm.hibernate4.LocalSessionFactoryBean] is not eligible for getting processed by all BeanPostProcessors (for example: not eligible for auto-proxying)
13:26:42,299  INFO main support.PostProcessorRegistrationDelegate$BeanPostProcessorChecker:309 - Bean 'sessionFactory' of type [class org.hibernate.internal.SessionFactoryImpl] is not eligible for getting processed by all BeanPostProcessors (for example: not eligible for auto-proxying)
13:26:42,306  INFO main support.PostProcessorRegistrationDelegate$BeanPostProcessorChecker:309 - Bean 'userDAO' of type [class com.eagle.dangdang.user.dao.UserDAOImpl] is not eligible for getting processed by all BeanPostProcessors (for example: not eligible for auto-proxying)
13:26:42,308  INFO main support.PostProcessorRegistrationDelegate$BeanPostProcessorChecker:309 - Bean 'userService' of type [class com.eagle.dangdang.user.service.UserServiceImpl] is not eligible for getting processed by all BeanPostProcessors (for example: not eligible for auto-proxying)
13:26:42,322  INFO main support.PostProcessorRegistrationDelegate$BeanPostProcessorChecker:309 - Bean 'myRealm' of type [class com.eagle.dangdang.security.MyRealm] is not eligible for getting processed by all BeanPostProcessors (for example: not eligible for auto-proxying)
13:26:42,326  INFO main support.PostProcessorRegistrationDelegate$BeanPostProcessorChecker:309 - Bean 'securityManager' of type [class org.apache.shiro.web.mgt.DefaultWebSecurityManager] is not eligible for getting processed by all BeanPostProcessors (for example: not eligible for auto-proxying)
13:26:42,359  INFO main hibernate4.HibernateTransactionManager:360 - Using DataSource [com.mchange.v2.c3p0.ComboPooledDataSource [ acquireIncrement -> 2, acquireRetryAttempts -> 30, acquireRetryDelay -> 1000, autoCommitOnClose -> false, automaticTestTable -> null, breakAfterAcquireFailure -> false, checkoutTimeout -> 3000, connectionCustomizerClassName -> null, connectionTesterClassName -> com.mchange.v2.c3p0.impl.DefaultConnectionTester, dataSourceName -> dobl759a18ahhz21iakz7a|77e8a877, debugUnreturnedConnectionStackTraces -> false, description -> null, driverClass -> com.mysql.jdbc.Driver, factoryClassLocation -> null, forceIgnoreUnresolvedTransactions -> false, identityToken -> dobl759a18ahhz21iakz7a|77e8a877, idleConnectionTestPeriod -> 60, initialPoolSize -> 2, jdbcUrl -> jdbc:mysql://localhost:3306/mydangdang?useUnicode=true&characterEncoding=utf-8, maxAdministrativeTaskTime -> 0, maxConnectionAge -> 0, maxIdleTime -> 60, maxIdleTimeExcessConnections -> 0, maxPoolSize -> 20, maxStatements -> 100, maxStatementsPerConnection -> 0, minPoolSize -> 2, numHelperThreads -> 3, preferredTestQuery -> null, properties -> {user=******, password=******}, propertyCycle -> 0, statementCacheNumDeferredCloseThreads -> 0, testConnectionOnCheckin -> false, testConnectionOnCheckout -> false, unreturnedConnectionTimeout -> 0, userOverrides -> {}, usesTraditionalReflectiveProxies -> false ]] of Hibernate SessionFactory for HibernateTransactionManager
13:26:42,463  INFO Thread-5 support.GenericApplicationContext:862 - Closing org.springframework.context.support.GenericApplicationContext@369ef286: startup date [Sat Jul 18 13:26:40 CST 2015]; root of context hierarchy
